<?xml version="1.0" encoding="UTF-8"?>
<!-- Generated by org.testng.reporters.JUnitReportReporter -->
<testsuite hostname="DESKTOP-8IKNKTU" failures="0" tests="3" name="SwapiApiTest" time="6.118" errors="0" timestamp="2024-06-09T21:01:53 CEST" skipped="0">
  <testcase classname="SwapiApiTest" name="findFilmWithLatestReleaseDate" time="0.880"/>
  <testcase classname="SwapiApiTest" name="findTallestCharacterInLatestFilm" time="1.667"/>
  <testcase classname="SwapiApiTest" name="findTallestCharacterInAllFilms" time="3.571"/>
</testsuite> <!-- SwapiApiTest -->
